<?xml version="1.0" encoding="UTF-8"?>
<testng-results skipped="0" failed="0" total="1" passed="1">
  <reporter-output>
  </reporter-output>
  <suite name="Default Suite" duration-ms="19257" started-at="2017-11-04T14:05:54Z" finished-at="2017-11-04T14:06:14Z">
    <groups>
    </groups>
    <test name="DriverFrameWork" duration-ms="19257" started-at="2017-11-04T14:05:54Z" finished-at="2017-11-04T14:06:14Z">
      <class name="testScripts.TestMailLogin">
        <test-method status="PASS" signature="setUp()[pri:0, instance:testScripts.TestMailLogin@29ee9faa]" name="setUp" is-config="true" duration-ms="5734" started-at="2017-11-04T22:05:54Z" finished-at="2017-11-04T22:06:00Z">
          <reporter-output>
          </reporter-output>
        </test-method> <!-- setUp -->
        <test-method status="PASS" signature="testLogin()[pri:0, instance:testScripts.TestMailLogin@29ee9faa]" name="testLogin" duration-ms="12803" started-at="2017-11-04T22:06:00Z" finished-at="2017-11-04T22:06:13Z">
          <reporter-output>
          </reporter-output>
        </test-method> <!-- testLogin -->
        <test-method status="PASS" signature="tearDown()[pri:0, instance:testScripts.TestMailLogin@29ee9faa]" name="tearDown" is-config="true" duration-ms="711" started-at="2017-11-04T22:06:13Z" finished-at="2017-11-04T22:06:14Z">
          <reporter-output>
          </reporter-output>
        </test-method> <!-- tearDown -->
      </class> <!-- testScripts.TestMailLogin -->
    </test> <!-- DriverFrameWork -->
  </suite> <!-- Default Suite -->
</testng-results>
